<--- FIXED --->
[31m[1m./src/sys/tests/linter/testValidLogicalCollective.c:3:1: error:[0m Function 'testValidLogicalCollective()' does not appear to be used anywhere outside of testValidLogicalCollective.c, and can be made static [-fstatic-function-candidate]:
  1: #include <petsc/private/viewerimpl.h>
  2: 
> 3: [33m[1mPetscErrorCode testValidLogicalCollective(PetscInt a, PetscMPIInt b, PetscInt c, PetscBool d, PetscScalar e, PetscReal f)[0m
     [33m[1m^^^^^^^^^^^^^^^^^^^^^^^^^^^^^^^^^^^^^^^^^^^^^^^^^^^^^^^^^^^^^^^^^^^^^^^^^^^^^^^^^^^^^^^^^^^^^^^^^^^^^^^^^^^^^^^^^^^^^^^^^[0m
  4: {
  5:   PetscViewer v; /* dummy variable to satisfy the PetscObject for the following */
[31m[1m./src/sys/tests/linter/testValidLogicalCollective.c:8:3: error:[0m Incorrect use of PetscValidLogicalCollectiveInt(), use PetscValidLogicalCollectiveBool() instead [-fincompatible-function]:
  6 : 
  7 : /* incorrect */
> 8 : [33m[1mPetscValidLogicalCollectiveInt(v, d, 2)[0m;
      [33m[1m^^^^^^^^^^^^^^^^^^^^^^^^^^^^^^^^^^^^^^^[0m
  9 : PetscValidLogicalCollectiveEnum(v, e, 3);
  10: PetscValidLogicalCollectiveMPIInt(v, f, 4);

./src/sys/tests/linter/testValidLogicalCollective.c:8:37 Note: Due to 'd' of type 'PetscBool' (a.k.a. 'bool')
  6 : 
  7 : /* incorrect */
> 8 : PetscValidLogicalCollectiveInt(v, [33m[1md[0m, 2);
                                        [33m[1m^[0m
  9 : PetscValidLogicalCollectiveEnum(v, e, 3);
  10: PetscValidLogicalCollectiveMPIInt(v, f, 4);
[31m[1m./src/sys/tests/linter/testValidLogicalCollective.c:8:40: error:[0m Argument number doesn't match for 'd'. Expected '4', found '2' [-fmatching-arg-num]:
  6 : 
  7 : /* incorrect */
> 8 : PetscValidLogicalCollectiveInt(v, d, [33m[1m2[0m);
                                           [33m[1m^[0m
  9 : PetscValidLogicalCollectiveEnum(v, e, 3);
  10: PetscValidLogicalCollectiveMPIInt(v, f, 4);

./src/sys/tests/linter/testValidLogicalCollective.c:3:82 Note: 'd' is traceable to argument #4 'd' in enclosing function here:
  1: #include <petsc/private/viewerimpl.h>
  2: 
> 3: PetscErrorCode testValidLogicalCollective(PetscInt a, PetscMPIInt b, PetscInt c, [33m[1mPetscBool d[0m, PetscScalar e, PetscReal f)
                                                                                      [33m[1m^^^^^^^^^^^[0m
  4: {
  5:   PetscViewer v; /* dummy variable to satisfy the PetscObject for the following */
[31m[1m./src/sys/tests/linter/testValidLogicalCollective.c:9:3: error:[0m Incorrect use of PetscValidLogicalCollectiveEnum(), use PetscValidLogicalCollectiveScalar() instead [-fincompatible-function]:
  7 : /* incorrect */
  8 : PetscValidLogicalCollectiveInt(v, d, 2);
> 9 : [33m[1mPetscValidLogicalCollectiveEnum(v, e, 3)[0m;
      [33m[1m^^^^^^^^^^^^^^^^^^^^^^^^^^^^^^^^^^^^^^^^[0m
  10: PetscValidLogicalCollectiveMPIInt(v, f, 4);
  11: PetscValidLogicalCollectiveScalar(v, a, 5);

./src/sys/tests/linter/testValidLogicalCollective.c:9:38 Note: Due to 'e' of type 'PetscScalar' (a.k.a. 'double')
  7 : /* incorrect */
  8 : PetscValidLogicalCollectiveInt(v, d, 2);
> 9 : PetscValidLogicalCollectiveEnum(v, [33m[1me[0m, 3);
                                         [33m[1m^[0m
  10: PetscValidLogicalCollectiveMPIInt(v, f, 4);
  11: PetscValidLogicalCollectiveScalar(v, a, 5);
[31m[1m./src/sys/tests/linter/testValidLogicalCollective.c:9:41: error:[0m Argument number doesn't match for 'e'. Expected '5', found '3' [-fmatching-arg-num]:
  7 : /* incorrect */
  8 : PetscValidLogicalCollectiveInt(v, d, 2);
> 9 : PetscValidLogicalCollectiveEnum(v, e, [33m[1m3[0m);
                                            [33m[1m^[0m
  10: PetscValidLogicalCollectiveMPIInt(v, f, 4);
  11: PetscValidLogicalCollectiveScalar(v, a, 5);

./src/sys/tests/linter/testValidLogicalCollective.c:3:95 Note: 'e' is traceable to argument #5 'e' in enclosing function here:
  1: #include <petsc/private/viewerimpl.h>
  2: 
> 3: PetscErrorCode testValidLogicalCollective(PetscInt a, PetscMPIInt b, PetscInt c, PetscBool d, [33m[1mPetscScalar e[0m, PetscReal f)
                                                                                                   [33m[1m^^^^^^^^^^^^^[0m
  4: {
  5:   PetscViewer v; /* dummy variable to satisfy the PetscObject for the following */
[31m[1m./src/sys/tests/linter/testValidLogicalCollective.c:10:3: error:[0m Incorrect use of PetscValidLogicalCollectiveMPIInt(), use PetscValidLogicalCollectiveReal() instead [-fincompatible-function]:
  8 : PetscValidLogicalCollectiveInt(v, d, 2);
  9 : PetscValidLogicalCollectiveEnum(v, e, 3);
> 10: [33m[1mPetscValidLogicalCollectiveMPIInt(v, f, 4)[0m;
      [33m[1m^^^^^^^^^^^^^^^^^^^^^^^^^^^^^^^^^^^^^^^^^^[0m
  11: PetscValidLogicalCollectiveScalar(v, a, 5);
  12: PetscValidLogicalCollectiveReal(v, b, 6);

./src/sys/tests/linter/testValidLogicalCollective.c:10:40 Note: Due to 'f' of type 'PetscReal' (a.k.a. 'double')
  8 : PetscValidLogicalCollectiveInt(v, d, 2);
  9 : PetscValidLogicalCollectiveEnum(v, e, 3);
> 10: PetscValidLogicalCollectiveMPIInt(v, [33m[1mf[0m, 4);
                                           [33m[1m^[0m
  11: PetscValidLogicalCollectiveScalar(v, a, 5);
  12: PetscValidLogicalCollectiveReal(v, b, 6);
[31m[1m./src/sys/tests/linter/testValidLogicalCollective.c:10:43: error:[0m Argument number doesn't match for 'f'. Expected '6', found '4' [-fmatching-arg-num]:
  8 : PetscValidLogicalCollectiveInt(v, d, 2);
  9 : PetscValidLogicalCollectiveEnum(v, e, 3);
> 10: PetscValidLogicalCollectiveMPIInt(v, f, [33m[1m4[0m);
                                              [33m[1m^[0m
  11: PetscValidLogicalCollectiveScalar(v, a, 5);
  12: PetscValidLogicalCollectiveReal(v, b, 6);

./src/sys/tests/linter/testValidLogicalCollective.c:3:110 Note: 'f' is traceable to argument #6 'f' in enclosing function here:
  1: #include <petsc/private/viewerimpl.h>
  2: 
> 3: PetscErrorCode testValidLogicalCollective(PetscInt a, PetscMPIInt b, PetscInt c, PetscBool d, PetscScalar e, [33m[1mPetscReal f[0m)
                                                                                                                  [33m[1m^^^^^^^^^^^[0m
  4: {
  5:   PetscViewer v; /* dummy variable to satisfy the PetscObject for the following */
[31m[1m./src/sys/tests/linter/testValidLogicalCollective.c:11:3: error:[0m Incorrect use of PetscValidLogicalCollectiveScalar(), use PetscValidLogicalCollectiveInt() instead [-fincompatible-function]:
  9 : PetscValidLogicalCollectiveEnum(v, e, 3);
  10: PetscValidLogicalCollectiveMPIInt(v, f, 4);
> 11: [33m[1mPetscValidLogicalCollectiveScalar(v, a, 5)[0m;
      [33m[1m^^^^^^^^^^^^^^^^^^^^^^^^^^^^^^^^^^^^^^^^^^[0m
  12: PetscValidLogicalCollectiveReal(v, b, 6);
  13: PetscValidLogicalCollectiveEnum(v, c, 7);

./src/sys/tests/linter/testValidLogicalCollective.c:11:40 Note: Due to 'a' of type 'PetscInt' (a.k.a. 'int')
  9 : PetscValidLogicalCollectiveEnum(v, e, 3);
  10: PetscValidLogicalCollectiveMPIInt(v, f, 4);
> 11: PetscValidLogicalCollectiveScalar(v, [33m[1ma[0m, 5);
                                           [33m[1m^[0m
  12: PetscValidLogicalCollectiveReal(v, b, 6);
  13: PetscValidLogicalCollectiveEnum(v, c, 7);
[31m[1m./src/sys/tests/linter/testValidLogicalCollective.c:11:43: error:[0m Argument number doesn't match for 'a'. Expected '1', found '5' [-fmatching-arg-num]:
  9 : PetscValidLogicalCollectiveEnum(v, e, 3);
  10: PetscValidLogicalCollectiveMPIInt(v, f, 4);
> 11: PetscValidLogicalCollectiveScalar(v, a, [33m[1m5[0m);
                                              [33m[1m^[0m
  12: PetscValidLogicalCollectiveReal(v, b, 6);
  13: PetscValidLogicalCollectiveEnum(v, c, 7);

./src/sys/tests/linter/testValidLogicalCollective.c:3:43 Note: 'a' is traceable to argument #1 'a' in enclosing function here:
  1: #include <petsc/private/viewerimpl.h>
  2: 
> 3: PetscErrorCode testValidLogicalCollective([33m[1mPetscInt a[0m, PetscMPIInt b, PetscInt c, PetscBool d, PetscScalar e, PetscReal f)
                                               [33m[1m^^^^^^^^^^[0m
  4: {
  5:   PetscViewer v; /* dummy variable to satisfy the PetscObject for the following */
[31m[1m./src/sys/tests/linter/testValidLogicalCollective.c:12:3: error:[0m Incorrect use of PetscValidLogicalCollectiveReal(), use PetscValidLogicalCollectiveMPIInt() instead [-fincompatible-function]:
  10: PetscValidLogicalCollectiveMPIInt(v, f, 4);
  11: PetscValidLogicalCollectiveScalar(v, a, 5);
> 12: [33m[1mPetscValidLogicalCollectiveReal(v, b, 6)[0m;
      [33m[1m^^^^^^^^^^^^^^^^^^^^^^^^^^^^^^^^^^^^^^^^[0m
  13: PetscValidLogicalCollectiveEnum(v, c, 7);
  14: 

./src/sys/tests/linter/testValidLogicalCollective.c:12:38 Note: Due to 'b' of type 'PetscMPIInt' (a.k.a. 'int')
  10: PetscValidLogicalCollectiveMPIInt(v, f, 4);
  11: PetscValidLogicalCollectiveScalar(v, a, 5);
> 12: PetscValidLogicalCollectiveReal(v, [33m[1mb[0m, 6);
                                         [33m[1m^[0m
  13: PetscValidLogicalCollectiveEnum(v, c, 7);
  14: 
[31m[1m./src/sys/tests/linter/testValidLogicalCollective.c:12:41: error:[0m Argument number doesn't match for 'b'. Expected '2', found '6' [-fmatching-arg-num]:
  10: PetscValidLogicalCollectiveMPIInt(v, f, 4);
  11: PetscValidLogicalCollectiveScalar(v, a, 5);
> 12: PetscValidLogicalCollectiveReal(v, b, [33m[1m6[0m);
                                            [33m[1m^[0m
  13: PetscValidLogicalCollectiveEnum(v, c, 7);
  14: 

./src/sys/tests/linter/testValidLogicalCollective.c:3:55 Note: 'b' is traceable to argument #2 'b' in enclosing function here:
  1: #include <petsc/private/viewerimpl.h>
  2: 
> 3: PetscErrorCode testValidLogicalCollective(PetscInt a, [33m[1mPetscMPIInt b[0m, PetscInt c, PetscBool d, PetscScalar e, PetscReal f)
                                                           [33m[1m^^^^^^^^^^^^^[0m
  4: {
  5:   PetscViewer v; /* dummy variable to satisfy the PetscObject for the following */
[31m[1m./src/sys/tests/linter/testValidLogicalCollective.c:13:3: error:[0m Incorrect use of PetscValidLogicalCollectiveEnum(), use PetscValidLogicalCollectiveInt() instead [-fincompatible-function]:
  11: PetscValidLogicalCollectiveScalar(v, a, 5);
  12: PetscValidLogicalCollectiveReal(v, b, 6);
> 13: [33m[1mPetscValidLogicalCollectiveEnum(v, c, 7)[0m;
      [33m[1m^^^^^^^^^^^^^^^^^^^^^^^^^^^^^^^^^^^^^^^^[0m
  14: 
  15: /* correct */

./src/sys/tests/linter/testValidLogicalCollective.c:13:38 Note: Due to 'c' of type 'PetscInt' (a.k.a. 'int')
  11: PetscValidLogicalCollectiveScalar(v, a, 5);
  12: PetscValidLogicalCollectiveReal(v, b, 6);
> 13: PetscValidLogicalCollectiveEnum(v, [33m[1mc[0m, 7);
                                         [33m[1m^[0m
  14: 
  15: /* correct */
[31m[1m./src/sys/tests/linter/testValidLogicalCollective.c:13:41: error:[0m Argument number doesn't match for 'c'. Expected '3', found '7' [-fmatching-arg-num]:
  11: PetscValidLogicalCollectiveScalar(v, a, 5);
  12: PetscValidLogicalCollectiveReal(v, b, 6);
> 13: PetscValidLogicalCollectiveEnum(v, c, [33m[1m7[0m);
                                            [33m[1m^[0m
  14: 
  15: /* correct */

./src/sys/tests/linter/testValidLogicalCollective.c:3:70 Note: 'c' is traceable to argument #3 'c' in enclosing function here:
  1: #include <petsc/private/viewerimpl.h>
  2: 
> 3: PetscErrorCode testValidLogicalCollective(PetscInt a, PetscMPIInt b, [33m[1mPetscInt c[0m, PetscBool d, PetscScalar e, PetscReal f)
                                                                          [33m[1m^^^^^^^^^^[0m
  4: {
  5:   PetscViewer v; /* dummy variable to satisfy the PetscObject for the following */
<--- LEFT --->
